{"/Users/jojitoon/Documents/projects/others/flutter-backend-assessment/src/server.ts": {"path":"/Users/jojitoon/Documents/projects/others/flutter-backend-assessment/src/server.ts","statementMap":{"0":{"start":{"line":1,"column":0},"end":{"line":1,"column":47}},"1":{"start":{"line":2,"column":0},"end":{"line":2,"column":37}},"2":{"start":{"line":3,"column":0},"end":{"line":3,"column":24}},"3":{"start":{"line":4,"column":0},"end":{"line":4,"column":28}},"4":{"start":{"line":5,"column":0},"end":{"line":5,"column":28}},"5":{"start":{"line":6,"column":0},"end":{"line":6,"column":54}},"6":{"start":{"line":7,"column":0},"end":{"line":7,"column":66}},"7":{"start":{"line":8,"column":0},"end":{"line":8,"column":52}},"8":{"start":{"line":9,"column":21},"end":{"line":55,"column":1}},"9":{"start":{"line":10,"column":14},"end":{"line":10,"column":23}},"10":{"start":{"line":13,"column":2},"end":{"line":13,"column":25}},"11":{"start":{"line":14,"column":2},"end":{"line":14,"column":20}},"12":{"start":{"line":15,"column":2},"end":{"line":15,"column":18}},"13":{"start":{"line":16,"column":2},"end":{"line":27,"column":5}},"14":{"start":{"line":17,"column":4},"end":{"line":26,"column":7}},"15":{"start":{"line":18,"column":6},"end":{"line":24,"column":null}},"16":{"start":{"line":19,"column":8},"end":{"line":23,"column":11}},"17":{"start":{"line":25,"column":6},"end":{"line":25,"column":20}},"18":{"start":{"line":28,"column":2},"end":{"line":28,"column":54}},"19":{"start":{"line":31,"column":2},"end":{"line":43,"column":5}},"20":{"start":{"line":32,"column":4},"end":{"line":42,"column":7}},"21":{"start":{"line":45,"column":2},"end":{"line":45,"column":76}},"22":{"start":{"line":47,"column":2},"end":{"line":53,"column":4}},"23":{"start":{"line":48,"column":4},"end":{"line":52,"column":6}},"24":{"start":{"line":54,"column":2},"end":{"line":54,"column":13}},"25":{"start":{"line":57,"column":0},"end":{"line":57,"column":28}}},"fnMap":{"0":{"name":"(anonymous_1)","decl":{"start":{"line":9,"column":21},"end":{"line":9,"column":37}},"loc":{"start":{"line":9,"column":39},"end":{"line":55,"column":1}}},"1":{"name":"(anonymous_2)","decl":{"start":{"line":16,"column":10},"end":{"line":16,"column":11}},"loc":{"start":{"line":16,"column":29},"end":{"line":27,"column":3}}},"2":{"name":"(anonymous_3)","decl":{"start":{"line":17,"column":39},"end":{"line":17,"column":40}},"loc":{"start":{"line":17,"column":47},"end":{"line":26,"column":5}}},"3":{"name":"(anonymous_4)","decl":{"start":{"line":31,"column":15},"end":{"line":31,"column":16}},"loc":{"start":{"line":31,"column":26},"end":{"line":43,"column":3}}},"4":{"name":"(anonymous_5)","decl":{"start":{"line":47,"column":15},"end":{"line":47,"column":16}},"loc":{"start":{"line":48,"column":4},"end":{"line":52,"column":6}}}},"branchMap":{"0":{"loc":{"start":{"line":18,"column":6},"end":{"line":24,"column":null}},"type":"if","locations":[{"start":{"line":18,"column":6},"end":{"line":24,"column":null}},{"start":{"line":18,"column":6},"end":{"line":24,"column":null}}]}},"s":{"0":2,"1":2,"2":2,"3":2,"4":2,"5":2,"6":2,"7":2,"8":2,"9":2,"10":2,"11":2,"12":2,"13":2,"14":10,"15":10,"16":0,"17":10,"18":2,"19":2,"20":1,"21":2,"22":2,"23":1,"24":2,"25":2},"f":{"0":2,"1":10,"2":10,"3":1,"4":1},"b":{"0":[0,10]}}
,"/Users/jojitoon/Documents/projects/others/flutter-backend-assessment/src/controller/validate-rule.ts": {"path":"/Users/jojitoon/Documents/projects/others/flutter-backend-assessment/src/controller/validate-rule.ts","statementMap":{"0":{"start":{"line":2,"column":0},"end":{"line":2,"column":29}},"1":{"start":{"line":4,"column":0},"end":{"line":4,"column":null}},"2":{"start":{"line":5,"column":2},"end":{"line":5,"column":null}},"3":{"start":{"line":6,"column":2},"end":{"line":6,"column":null}},"4":{"start":{"line":7,"column":2},"end":{"line":7,"column":null}},"5":{"start":{"line":8,"column":2},"end":{"line":8,"column":null}},"6":{"start":{"line":9,"column":2},"end":{"line":9,"column":null}},"7":{"start":{"line":13,"column":25},"end":{"line":31,"column":1}},"8":{"start":{"line":18,"column":2},"end":{"line":29,"column":null}},"9":{"start":{"line":20,"column":6},"end":{"line":20,"column":39}},"10":{"start":{"line":22,"column":6},"end":{"line":22,"column":38}},"11":{"start":{"line":24,"column":6},"end":{"line":24,"column":39}},"12":{"start":{"line":26,"column":6},"end":{"line":26,"column":37}},"13":{"start":{"line":28,"column":6},"end":{"line":28,"column":50}},"14":{"start":{"line":30,"column":2},"end":{"line":30,"column":15}},"15":{"start":{"line":33,"column":21},"end":{"line":56,"column":1}},"16":{"start":{"line":37,"column":6},"end":{"line":37,"column":14}},"17":{"start":{"line":38,"column":21},"end":{"line":38,"column":37}},"18":{"start":{"line":39,"column":18},"end":{"line":39,"column":74}},"19":{"start":{"line":41,"column":2},"end":{"line":55,"column":5}},"20":{"start":{"line":58,"column":0},"end":{"line":58,"column":28}}},"fnMap":{"0":{"name":"(anonymous_1)","decl":{"start":{"line":4,"column":0},"end":{"line":4,"column":5}},"loc":{"start":{"line":4,"column":15},"end":{"line":10,"column":1}}},"1":{"name":"(anonymous_2)","decl":{"start":{"line":13,"column":25},"end":{"line":13,"column":null}},"loc":{"start":{"line":17,"column":13},"end":{"line":31,"column":1}}},"2":{"name":"(anonymous_3)","decl":{"start":{"line":33,"column":21},"end":{"line":33,"column":22}},"loc":{"start":{"line":33,"column":63},"end":{"line":56,"column":1}}}},"branchMap":{"0":{"loc":{"start":{"line":4,"column":5},"end":{"line":4,"column":15}},"type":"binary-expr","locations":[{"start":{"line":4,"column":5},"end":{"line":4,"column":15}},{"start":{"line":4,"column":5},"end":{"line":4,"column":null}}]},"1":{"loc":{"start":{"line":19,"column":4},"end":{"line":20,"column":39}},"type":"switch","locations":[{"start":{"line":19,"column":4},"end":{"line":20,"column":39}},{"start":{"line":21,"column":4},"end":{"line":22,"column":38}},{"start":{"line":23,"column":4},"end":{"line":24,"column":39}},{"start":{"line":25,"column":4},"end":{"line":26,"column":37}},{"start":{"line":27,"column":4},"end":{"line":28,"column":50}}]},"2":{"loc":{"start":{"line":43,"column":16},"end":{"line":43,"column":40}},"type":"cond-expr","locations":[{"start":{"line":43,"column":16},"end":{"line":43,"column":40}},{"start":{"line":43,"column":43},"end":{"line":43,"column":null}}]},"3":{"loc":{"start":{"line":45,"column":22},"end":{"line":45,"column":31}},"type":"cond-expr","locations":[{"start":{"line":45,"column":22},"end":{"line":45,"column":31}},{"start":{"line":45,"column":34},"end":{"line":45,"column":41}}]}},"s":{"0":2,"1":2,"2":2,"3":2,"4":2,"5":2,"6":2,"7":2,"8":5,"9":1,"10":1,"11":1,"12":1,"13":1,"14":0,"15":2,"16":5,"17":5,"18":5,"19":5,"20":2},"f":{"0":2,"1":5,"2":5},"b":{"0":[2,2],"1":[1,1,1,1,1],"2":[4,1],"3":[4,1]}}
,"/Users/jojitoon/Documents/projects/others/flutter-backend-assessment/src/helpers/isObj.ts": {"path":"/Users/jojitoon/Documents/projects/others/flutter-backend-assessment/src/helpers/isObj.ts","statementMap":{"0":{"start":{"line":2,"column":2},"end":{"line":2,"column":67}},"1":{"start":{"line":1,"column":0},"end":{"line":1,"column":16}}},"fnMap":{"0":{"name":"isObject","decl":{"start":{"line":1,"column":16},"end":{"line":1,"column":24}},"loc":{"start":{"line":1,"column":53},"end":{"line":3,"column":1}}}},"branchMap":{},"s":{"0":5,"1":2},"f":{"0":5},"b":{}}
,"/Users/jojitoon/Documents/projects/others/flutter-backend-assessment/src/middlewares/resolveValidations.ts": {"path":"/Users/jojitoon/Documents/projects/others/flutter-backend-assessment/src/middlewares/resolveValidations.ts","statementMap":{"0":{"start":{"line":2,"column":0},"end":{"line":2,"column":53}},"1":{"start":{"line":4,"column":27},"end":{"line":19,"column":1}},"2":{"start":{"line":9,"column":17},"end":{"line":9,"column":38}},"3":{"start":{"line":10,"column":2},"end":{"line":12,"column":null}},"4":{"start":{"line":11,"column":4},"end":{"line":11,"column":18}},"5":{"start":{"line":14,"column":2},"end":{"line":18,"column":5}},"6":{"start":{"line":21,"column":0},"end":{"line":21,"column":34}}},"fnMap":{"0":{"name":"(anonymous_0)","decl":{"start":{"line":4,"column":27},"end":{"line":4,"column":null}},"loc":{"start":{"line":8,"column":21},"end":{"line":19,"column":1}}}},"branchMap":{"0":{"loc":{"start":{"line":10,"column":2},"end":{"line":12,"column":null}},"type":"if","locations":[{"start":{"line":10,"column":2},"end":{"line":12,"column":null}},{"start":{"line":10,"column":2},"end":{"line":12,"column":null}}]}},"s":{"0":2,"1":2,"2":8,"3":8,"4":5,"5":3,"6":2},"f":{"0":8},"b":{"0":[5,3]}}
,"/Users/jojitoon/Documents/projects/others/flutter-backend-assessment/src/middlewares/validations.ts": {"path":"/Users/jojitoon/Documents/projects/others/flutter-backend-assessment/src/middlewares/validations.ts","statementMap":{"0":{"start":{"line":1,"column":0},"end":{"line":1,"column":41}},"1":{"start":{"line":2,"column":0},"end":{"line":2,"column":44}},"2":{"start":{"line":3,"column":0},"end":{"line":3,"column":29}},"3":{"start":{"line":5,"column":26},"end":{"line":5,"column":68}},"4":{"start":{"line":5,"column":45},"end":{"line":5,"column":68}},"5":{"start":{"line":6,"column":24},"end":{"line":7,"column":38}},"6":{"start":{"line":7,"column":2},"end":{"line":7,"column":38}},"7":{"start":{"line":8,"column":21},"end":{"line":9,"column":45}},"8":{"start":{"line":9,"column":2},"end":{"line":9,"column":45}},"9":{"start":{"line":11,"column":0},"end":{"line":50,"column":2}},"10":{"start":{"line":16,"column":17},"end":{"line":16,"column":76}},"11":{"start":{"line":39,"column":8},"end":{"line":40,"column":78}},"12":{"start":{"line":42,"column":6},"end":{"line":42,"column":21}},"13":{"start":{"line":48,"column":32},"end":{"line":48,"column":57}},"14":{"start":{"line":49,"column":28},"end":{"line":49,"column":55}}},"fnMap":{"0":{"name":"(anonymous_1)","decl":{"start":{"line":5,"column":26},"end":{"line":5,"column":27}},"loc":{"start":{"line":5,"column":45},"end":{"line":5,"column":68}}},"1":{"name":"(anonymous_2)","decl":{"start":{"line":6,"column":24},"end":{"line":6,"column":25}},"loc":{"start":{"line":7,"column":2},"end":{"line":7,"column":38}}},"2":{"name":"(anonymous_3)","decl":{"start":{"line":8,"column":21},"end":{"line":8,"column":22}},"loc":{"start":{"line":9,"column":2},"end":{"line":9,"column":45}}},"3":{"name":"(anonymous_4)","decl":{"start":{"line":16,"column":6},"end":{"line":16,"column":7}},"loc":{"start":{"line":16,"column":17},"end":{"line":16,"column":76}}},"4":{"name":"(anonymous_5)","decl":{"start":{"line":37,"column":12},"end":{"line":37,"column":13}},"loc":{"start":{"line":37,"column":22},"end":{"line":43,"column":5}}},"5":{"name":"(anonymous_6)","decl":{"start":{"line":48,"column":12},"end":{"line":48,"column":13}},"loc":{"start":{"line":48,"column":32},"end":{"line":48,"column":57}}},"6":{"name":"(anonymous_7)","decl":{"start":{"line":49,"column":17},"end":{"line":49,"column":18}},"loc":{"start":{"line":49,"column":28},"end":{"line":49,"column":55}}}},"branchMap":{"0":{"loc":{"start":{"line":6,"column":60},"end":{"line":6,"column":64}},"type":"default-arg","locations":[{"start":{"line":6,"column":60},"end":{"line":6,"column":64}}]},"1":{"loc":{"start":{"line":16,"column":17},"end":{"line":16,"column":22}},"type":"binary-expr","locations":[{"start":{"line":16,"column":17},"end":{"line":16,"column":22}},{"start":{"line":16,"column":26},"end":{"line":16,"column":51}},{"start":{"line":16,"column":55},"end":{"line":16,"column":76}}]},"2":{"loc":{"start":{"line":39,"column":8},"end":{"line":39,"column":13}},"type":"binary-expr","locations":[{"start":{"line":39,"column":8},"end":{"line":39,"column":13}},{"start":{"line":40,"column":9},"end":{"line":40,"column":34}},{"start":{"line":40,"column":38},"end":{"line":40,"column":53}},{"start":{"line":40,"column":57},"end":{"line":40,"column":77}}]}},"s":{"0":2,"1":2,"2":2,"3":2,"4":10,"5":2,"6":6,"7":2,"8":3,"9":2,"10":8,"11":8,"12":8,"13":8,"14":3},"f":{"0":10,"1":6,"2":3,"3":8,"4":8,"5":8,"6":3},"b":{"0":[2],"1":[8,7,7],"2":[8,6,5,2]}}
}
