TN:
SF:src/server.ts
FN:9,(anonymous_1)
FN:16,(anonymous_2)
FN:17,(anonymous_3)
FN:31,(anonymous_4)
FN:47,(anonymous_5)
FNF:5
FNH:5
FNDA:2,(anonymous_1)
FNDA:10,(anonymous_2)
FNDA:10,(anonymous_3)
FNDA:1,(anonymous_4)
FNDA:1,(anonymous_5)
DA:1,2
DA:2,2
DA:3,2
DA:4,2
DA:5,2
DA:6,2
DA:7,2
DA:8,2
DA:9,2
DA:10,2
DA:13,2
DA:14,2
DA:15,2
DA:16,2
DA:17,10
DA:18,10
DA:19,0
DA:25,10
DA:28,2
DA:31,2
DA:32,1
DA:45,2
DA:47,2
DA:48,1
DA:54,2
DA:57,2
LF:26
LH:25
BRDA:18,0,0,0
BRDA:18,0,1,10
BRF:2
BRH:1
end_of_record
TN:
SF:src/controller/validate-rule.ts
FN:4,(anonymous_1)
FN:13,(anonymous_2)
FN:33,(anonymous_3)
FNF:3
FNH:3
FNDA:2,(anonymous_1)
FNDA:5,(anonymous_2)
FNDA:5,(anonymous_3)
DA:2,2
DA:4,2
DA:5,2
DA:6,2
DA:7,2
DA:8,2
DA:9,2
DA:13,2
DA:18,5
DA:20,1
DA:22,1
DA:24,1
DA:26,1
DA:28,1
DA:30,0
DA:33,2
DA:37,5
DA:38,5
DA:39,5
DA:41,5
DA:58,2
LF:21
LH:20
BRDA:4,0,0,2
BRDA:4,0,1,2
BRDA:19,1,0,1
BRDA:19,1,1,1
BRDA:19,1,2,1
BRDA:19,1,3,1
BRDA:19,1,4,1
BRDA:43,2,0,4
BRDA:43,2,1,1
BRDA:45,3,0,4
BRDA:45,3,1,1
BRF:11
BRH:11
end_of_record
TN:
SF:src/helpers/isObj.ts
FN:1,isObject
FNF:1
FNH:1
FNDA:5,isObject
DA:1,2
DA:2,5
LF:2
LH:2
BRF:0
BRH:0
end_of_record
TN:
SF:src/middlewares/resolveValidations.ts
FN:4,(anonymous_0)
FNF:1
FNH:1
FNDA:8,(anonymous_0)
DA:2,2
DA:4,2
DA:9,8
DA:10,8
DA:11,5
DA:14,3
DA:21,2
LF:7
LH:7
BRDA:10,0,0,5
BRDA:10,0,1,3
BRF:2
BRH:2
end_of_record
TN:
SF:src/middlewares/validations.ts
FN:5,(anonymous_1)
FN:6,(anonymous_2)
FN:8,(anonymous_3)
FN:16,(anonymous_4)
FN:37,(anonymous_5)
FN:48,(anonymous_6)
FN:49,(anonymous_7)
FNF:7
FNH:7
FNDA:10,(anonymous_1)
FNDA:6,(anonymous_2)
FNDA:3,(anonymous_3)
FNDA:8,(anonymous_4)
FNDA:8,(anonymous_5)
FNDA:8,(anonymous_6)
FNDA:3,(anonymous_7)
DA:1,2
DA:2,2
DA:3,2
DA:5,10
DA:6,2
DA:7,6
DA:8,2
DA:9,3
DA:11,2
DA:16,8
DA:39,8
DA:42,8
DA:48,8
DA:49,3
LF:14
LH:14
BRDA:6,0,0,2
BRDA:16,1,0,8
BRDA:16,1,1,7
BRDA:16,1,2,7
BRDA:39,2,0,8
BRDA:39,2,1,6
BRDA:39,2,2,5
BRDA:39,2,3,2
BRF:8
BRH:8
end_of_record
